<?xml version="1.0" encoding="UTF-8"?>
<!-- Generated by org.testng.reporters.JUnitReportReporter -->
<testsuite skipped="0" hostname="DESKTOP-ONBI019" name="cucumber.TestNGTestRunner" tests="1" failures="0" timestamp="14 Jan 2023 17:27:51 GMT" time="25.414" errors="0">
  <testcase name="runScenario" time="25.414" classname="cucumber.TestNGTestRunner"/>
</testsuite> <!-- cucumber.TestNGTestRunner -->
