<?xml version="1.0" encoding="UTF-8"?>
<!-- Generated by org.testng.reporters.JUnitReportReporter -->
<testsuite skipped="0" hostname="DESKTOP-ONBI019" name="SeleniumFrameworkDesign.Test.ErrorValidation" tests="1" failures="0" timestamp="06 Jan 2023 16:59:55 GMT" time="10.627" errors="0">
  <testcase name="submitTest" time="10.627" classname="SeleniumFrameworkDesign.Test.ErrorValidation"/>
</testsuite> <!-- SeleniumFrameworkDesign.Test.ErrorValidation -->
