<?xml version="1.0" encoding="UTF-8"?>
<!-- Generated by org.testng.reporters.JUnitReportReporter -->
<testsuite skipped="0" hostname="DESKTOP-ONBI019" name="SeleniumFrameworkDesign.Test.SubmitOrderedTest" tests="3" failures="0" timestamp="11 Jan 2023 10:03:13 GMT" time="35.150" errors="0">
  <testcase name="orderHistoryTest" time="6.868" classname="SeleniumFrameworkDesign.Test.SubmitOrderedTest"/>
  <testcase name="submitTest" time="17.110" classname="SeleniumFrameworkDesign.Test.SubmitOrderedTest"/>
  <testcase name="submitTest" time="11.172" classname="SeleniumFrameworkDesign.Test.SubmitOrderedTest"/>
</testsuite> <!-- SeleniumFrameworkDesign.Test.SubmitOrderedTest -->
