<?xml version="1.0" encoding="UTF-8"?>
<!-- Generated by org.testng.reporters.JUnitReportReporter -->
<testsuite skipped="0" hostname="DESKTOP-ONBI019" name="SeleniumFrameworkDesign.Test.SubmitOrderedTest" tests="2" failures="0" timestamp="12 Jan 2023 16:48:31 GMT" time="35.419" errors="0">
  <testcase name="submitTest" time="24.099" classname="SeleniumFrameworkDesign.Test.SubmitOrderedTest"/>
  <testcase name="submitTest" time="11.320" classname="SeleniumFrameworkDesign.Test.SubmitOrderedTest"/>
</testsuite> <!-- SeleniumFrameworkDesign.Test.SubmitOrderedTest -->
